<?xml version="1.0" encoding="UTF-8"?>
<!-- Generated by org.testng.reporters.JUnitReportReporter -->
<testsuite skipped="0" hostname="xiaoluo-PC" name="testtestng.test1" tests="1" failures="0" timestamp="12 三月 2017 06:44:31 GMT" time="8.722" errors="0">
  <testcase name="tes1" time="8.722" classname="testtestng.test1"/>
</testsuite> <!-- testtestng.test1 -->
