<?xml version="1.0" encoding="UTF-8"?>
<!-- Generated by org.testng.reporters.JUnitReportReporter -->
<testsuite skipped="0" hostname="xiaoluo-PC" name="testtestng.log" tests="1" failures="0" timestamp="11 三月 2017 14:11:45 GMT" time="0.019" errors="0">
  <testcase name="test" time="0.019" classname="testtestng.log"/>
</testsuite> <!-- testtestng.log -->
